<?xml version="1.0" encoding="UTF-8"?>
<!-- Generated by org.testng.reporters.JUnitReportReporter -->
<testsuite skipped="0" hostname="SPITTALA-DEV-L" name="orange.MVNDemo" tests="5" failures="0" timestamp="2022-04-11T13:21:27 IST" time="0.008" errors="0">
  <testcase name="MVNDEmo_MethodTwo" time="0.001" classname="orange.MVNDemo"/>
  <system-out/>
  <testcase name="MVNDEmo_MethodThree" time="0.001" classname="orange.MVNDemo"/>
  <system-out/>
  <testcase name="MVNDEmo_MethodOne" time="0.000" classname="orange.MVNDemo"/>
  <system-out/>
  <testcase name="MVNDEmo_MethodFour" time="0.001" classname="orange.MVNDemo"/>
  <system-out/>
  <testcase name="MVNDEmo_MethodFive" time="0.005" classname="orange.MVNDemo"/>
  <system-out/>
</testsuite> <!-- orange.MVNDemo -->
