<?xml version="1.0" encoding="UTF-8"?>
<!-- Generated by org.testng.reporters.JUnitReportReporter -->
<testsuite hostname="DESKTOP-UAU9ODK" failures="0" tests="1" name="com.hoursplus.testCases.LoginDataDriven" time="0.000" errors="0" timestamp="14 Jun 2021 15:13:23 GMT" skipped="1">
  <testcase classname="com.hoursplus.testCases.LoginDataDriven" name="TC_Login_ValidateCredentails" time="0.000">
    <skipped/>
  </testcase> <!-- TC_Login_ValidateCredentails -->
</testsuite> <!-- com.hoursplus.testCases.LoginDataDriven -->
