<?xml version="1.0" encoding="UTF-8"?>
<!-- Generated by org.testng.reporters.JUnitReportReporter -->
<testsuite skipped="0" hostname="DESKTOP-UAU9ODK" name="orange.MVNDemo" tests="5" failures="0" timestamp="2021-11-11T20:14:27 IST" time="0.006" errors="0">
  <testcase name="MVNDEmo_MethodThree" time="0.000" classname="orange.MVNDemo"/>
  <system-out/>
  <testcase name="MVNDEmo_MethodFive" time="0.004" classname="orange.MVNDemo"/>
  <system-out/>
  <testcase name="MVNDEmo_MethodFour" time="0.001" classname="orange.MVNDemo"/>
  <system-out/>
  <testcase name="MVNDEmo_MethodTwo" time="0.001" classname="orange.MVNDemo"/>
  <system-out/>
  <testcase name="MVNDEmo_MethodOne" time="0.000" classname="orange.MVNDemo"/>
  <system-out/>
</testsuite> <!-- orange.MVNDemo -->
