<?xml version="1.0" encoding="UTF-8"?>
<!-- Generated by org.testng.reporters.JUnitReportReporter -->
<testsuite hostname="PITTALA-DEV-L" failures="0" tests="1" name="packageThree.PackageThree_ClassOne" time="0.007" errors="0" timestamp="30 May 2022 12:28:46 GMT">
  <testcase classname="packageThree.PackageThree_ClassOne" name="closeUser" time="0.007"/>
</testsuite> <!-- packageThree.PackageThree_ClassOne -->
