<?xml version="1.0" encoding="UTF-8"?>
<!-- Generated by org.testng.reporters.JUnitReportReporter -->
<testsuite hostname="PITTALA-DEV-L" failures="0" tests="3" name="packageFour.PackageFour_ClassOne" time="0.006" errors="0" timestamp="28 May 2022 06:40:42 GMT">
  <testcase classname="packageFour.PackageFour_ClassOne" name="methonTwo" time="0.001"/>
  <testcase classname="packageFour.PackageFour_ClassOne" name="methonFive" time="0.004"/>
  <testcase classname="packageFour.PackageFour_ClassOne" name="methonFour" time="0.001"/>
</testsuite> <!-- packageFour.PackageFour_ClassOne -->
