<?xml version="1.0" encoding="UTF-8"?>
<!-- Generated by org.testng.reporters.JUnitReportReporter -->
<testsuite hostname="PITTALA-DEV-L" failures="0" tests="6" name="packageThree.PackageThree_ClassTwo" time="0.004" errors="0" timestamp="28 May 2022 06:08:29 GMT">
  <testcase classname="packageThree.PackageThree_ClassTwo" name="ClassThreemethonFour" time="0.000"/>
  <testcase classname="packageThree.PackageThree_ClassTwo" name="ClassThreemethonTwo" time="0.001"/>
  <testcase classname="packageThree.PackageThree_ClassTwo" name="ClassThreemethonOne" time="0.000"/>
  <testcase classname="packageThree.PackageThree_ClassTwo" name="ClassThreemethonFive" time="0.001"/>
  <testcase classname="packageThree.PackageThree_ClassTwo" name="deleteProfile" time="0.001"/>
  <testcase classname="packageThree.PackageThree_ClassTwo" name="ClassThreemethonThree" time="0.001"/>
</testsuite> <!-- packageThree.PackageThree_ClassTwo -->
