<?xml version="1.0" encoding="UTF-8"?>
<!-- Generated by org.testng.reporters.JUnitReportReporter -->
<testsuite hostname="PITTALA-DEV-L" failures="0" tests="10" name="packageOne.PackageOne_ClassTwo" time="0.009" errors="0" timestamp="24 May 2022 12:36:26 GMT">
  <testcase classname="packageOne.PackageOne_ClassTwo" name="ClassTwomethonTwo" time="0.002"/>
  <testcase classname="packageOne.PackageOne_ClassTwo" name="ClassTwomethonTwo" time="0.001"/>
  <testcase classname="packageOne.PackageOne_ClassTwo" name="ClassTwomethonOne" time="0.001"/>
  <testcase classname="packageOne.PackageOne_ClassTwo" name="ClassTwomethonFour" time="0.000"/>
  <testcase classname="packageOne.PackageOne_ClassTwo" name="ClassTwomethonThree" time="0.001"/>
  <testcase classname="packageOne.PackageOne_ClassTwo" name="ClassTwomethonThree" time="0.000"/>
  <testcase classname="packageOne.PackageOne_ClassTwo" name="ClassTwomethonOne" time="0.001"/>
  <testcase classname="packageOne.PackageOne_ClassTwo" name="ClassTwomethonFour" time="0.001"/>
  <testcase classname="packageOne.PackageOne_ClassTwo" name="ClassTwomethonFive" time="0.002"/>
  <testcase classname="packageOne.PackageOne_ClassTwo" name="ClassTwomethonFive" time="0.000"/>
</testsuite> <!-- packageOne.PackageOne_ClassTwo -->
