<?xml version="1.0" encoding="UTF-8"?>
<!-- Generated by org.testng.reporters.JUnitReportReporter -->
<testsuite hostname="PITTALA-DEV-L" failures="0" tests="5" name="packageOne.PackageOne_ClassThree" time="0.011" errors="0" timestamp="27 May 2022 15:09:20 GMT">
  <testcase classname="packageOne.PackageOne_ClassThree" name="ClassThreemethonThree" time="0.002"/>
  <testcase classname="packageOne.PackageOne_ClassThree" name="ClassThreemethonOne" time="0.000"/>
  <testcase classname="packageOne.PackageOne_ClassThree" name="ClassThreemethonTwo" time="0.001"/>
  <testcase classname="packageOne.PackageOne_ClassThree" name="ClassThreemethonFour" time="0.007"/>
  <testcase classname="packageOne.PackageOne_ClassThree" name="ClassThreemethonFive" time="0.001"/>
</testsuite> <!-- packageOne.PackageOne_ClassThree -->
