<?xml version="1.0" encoding="UTF-8"?>
<!-- Generated by org.testng.reporters.JUnitReportReporter -->
<testsuite hostname="PITTALA-DEV-L" failures="0" tests="6" name="packageOne.PackageOne_ClassOne" time="0.008" errors="0" timestamp="24 May 2022 12:36:26 GMT">
  <testcase classname="packageOne.PackageOne_ClassOne" name="ClassOnemethonTwo" time="0.001"/>
  <testcase classname="packageOne.PackageOne_ClassOne" name="ClassOnemethonThree" time="0.000"/>
  <testcase classname="packageOne.PackageOne_ClassOne" name="ClassOnemethonFour" time="0.001"/>
  <testcase classname="packageOne.PackageOne_ClassOne" name="ClassOnemethonTwo" time="0.001"/>
  <testcase classname="packageOne.PackageOne_ClassOne" name="ClassOnemethonThree" time="0.001"/>
  <testcase classname="packageOne.PackageOne_ClassOne" name="ClassOnemethonFour" time="0.004"/>
</testsuite> <!-- packageOne.PackageOne_ClassOne -->
