<?xml version="1.0" encoding="UTF-8"?>
<!-- Generated by org.testng.reporters.JUnitReportReporter -->
<testsuite hostname="PITTALA-DEV-L" failures="0" tests="2" name="packageThree.PackageThree_ClassOne" time="0.007" errors="0" timestamp="28 May 2022 08:15:54 GMT">
  <testcase classname="packageThree.PackageThree_ClassOne" name="deleteUser" time="0.001"/>
  <testcase classname="packageThree.PackageThree_ClassOne" name="closeUser" time="0.006"/>
</testsuite> <!-- packageThree.PackageThree_ClassOne -->
