<?xml version="1.0" encoding="UTF-8"?>
<!-- Generated by org.testng.reporters.JUnitReportReporter -->
<testsuite hostname="PITTALA-DEV-L" failures="0" tests="1" name="packageOne.PackageOne_ClassFour" time="0.001" errors="0" timestamp="28 May 2022 06:40:42 GMT">
  <testcase classname="packageOne.PackageOne_ClassFour" name="ClassThreemethon12" time="0.001"/>
</testsuite> <!-- packageOne.PackageOne_ClassFour -->
