<?xml version="1.0" encoding="UTF-8"?>
<!-- Generated by org.testng.reporters.JUnitReportReporter -->
<testsuite hostname="PITTALA-DEV-L" failures="0" tests="5" name="packageTwo.PackageTwo_ClassOne" time="30.036" errors="0" timestamp="28 May 2022 08:17:33 GMT">
  <testcase classname="packageTwo.PackageTwo_ClassOne" name="methonFive" time="5.008"/>
  <testcase classname="packageTwo.PackageTwo_ClassOne" name="methonOne" time="5.004"/>
  <testcase classname="packageTwo.PackageTwo_ClassOne" name="methonFour" time="5.009"/>
  <testcase classname="packageTwo.PackageTwo_ClassOne" name="methonThree" time="5.011"/>
  <testcase classname="packageTwo.PackageTwo_ClassOne" name="methonTwo" time="10.004"/>
</testsuite> <!-- packageTwo.PackageTwo_ClassOne -->
