<?xml version="1.0" encoding="UTF-8"?>
<testsuite xmlns:xsi="http://www.w3.org/2001/XMLSchema-instance" xsi:noNamespaceSchemaLocation="https://maven.apache.org/surefire/maven-surefire-plugin/xsd/surefire-test-report-3.0.xsd" version="3.0" name="TestSuite" time="84.629" tests="25" errors="0" skipped="0" failures="0">
  <properties>
    <property name="sun.desktop" value="windows"/>
    <property name="awt.toolkit" value="sun.awt.windows.WToolkit"/>
    <property name="file.encoding.pkg" value="sun.io"/>
    <property name="java.specification.version" value="1.8"/>
    <property name="sun.cpu.isalist" value="amd64"/>
    <property name="sun.jnu.encoding" value="Cp1252"/>
    <property name="java.class.path" value="D:\Selenium_Practices\SeleniumGridDemo\target\test-classes;D:\Selenium_Practices\SeleniumGridDemo\target\classes;C:\Users\spittala\.m2\repository\org\seleniumhq\selenium\selenium-java\3.141.59\selenium-java-3.141.59.jar;C:\Users\spittala\.m2\repository\org\seleniumhq\selenium\selenium-api\3.141.59\selenium-api-3.141.59.jar;C:\Users\spittala\.m2\repository\org\seleniumhq\selenium\selenium-chrome-driver\3.141.59\selenium-chrome-driver-3.141.59.jar;C:\Users\spittala\.m2\repository\org\seleniumhq\selenium\selenium-edge-driver\3.141.59\selenium-edge-driver-3.141.59.jar;C:\Users\spittala\.m2\repository\org\seleniumhq\selenium\selenium-firefox-driver\3.141.59\selenium-firefox-driver-3.141.59.jar;C:\Users\spittala\.m2\repository\org\seleniumhq\selenium\selenium-ie-driver\3.141.59\selenium-ie-driver-3.141.59.jar;C:\Users\spittala\.m2\repository\org\seleniumhq\selenium\selenium-opera-driver\3.141.59\selenium-opera-driver-3.141.59.jar;C:\Users\spittala\.m2\repository\org\seleniumhq\selenium\selenium-remote-driver\3.141.59\selenium-remote-driver-3.141.59.jar;C:\Users\spittala\.m2\repository\org\seleniumhq\selenium\selenium-safari-driver\3.141.59\selenium-safari-driver-3.141.59.jar;C:\Users\spittala\.m2\repository\org\seleniumhq\selenium\selenium-support\3.141.59\selenium-support-3.141.59.jar;C:\Users\spittala\.m2\repository\net\bytebuddy\byte-buddy\1.8.15\byte-buddy-1.8.15.jar;C:\Users\spittala\.m2\repository\org\apache\commons\commons-exec\1.3\commons-exec-1.3.jar;C:\Users\spittala\.m2\repository\com\google\guava\guava\25.0-jre\guava-25.0-jre.jar;C:\Users\spittala\.m2\repository\com\google\code\findbugs\jsr305\1.3.9\jsr305-1.3.9.jar;C:\Users\spittala\.m2\repository\org\checkerframework\checker-compat-qual\2.0.0\checker-compat-qual-2.0.0.jar;C:\Users\spittala\.m2\repository\com\google\errorprone\error_prone_annotations\2.1.3\error_prone_annotations-2.1.3.jar;C:\Users\spittala\.m2\repository\com\google\j2objc\j2objc-annotations\1.1\j2objc-annotations-1.1.jar;C:\Users\spittala\.m2\repository\org\codehaus\mojo\animal-sniffer-annotations\1.14\animal-sniffer-annotations-1.14.jar;C:\Users\spittala\.m2\repository\com\squareup\okhttp3\okhttp\3.11.0\okhttp-3.11.0.jar;C:\Users\spittala\.m2\repository\com\squareup\okio\okio\1.14.0\okio-1.14.0.jar;C:\Users\spittala\.m2\repository\org\testng\testng\6.9.9\testng-6.9.9.jar;C:\Users\spittala\.m2\repository\junit\junit\4.10\junit-4.10.jar;C:\Users\spittala\.m2\repository\org\hamcrest\hamcrest-core\1.1\hamcrest-core-1.1.jar;C:\Users\spittala\.m2\repository\com\beust\jcommander\1.48\jcommander-1.48.jar;C:\Users\spittala\.m2\repository\org\apache\ant\ant\1.7.0\ant-1.7.0.jar;C:\Users\spittala\.m2\repository\org\apache\ant\ant-launcher\1.7.0\ant-launcher-1.7.0.jar;C:\Users\spittala\.m2\repository\org\yaml\snakeyaml\1.15\snakeyaml-1.15.jar;C:\Users\spittala\.m2\repository\org\beanshell\bsh\2.0b4\bsh-2.0b4.jar;C:\Users\spittala\.m2\repository\io\github\bonigarcia\webdrivermanager\5.0.3\webdrivermanager-5.0.3.jar;C:\Users\spittala\.m2\repository\org\slf4j\slf4j-api\1.7.32\slf4j-api-1.7.32.jar;C:\Users\spittala\.m2\repository\com\google\code\gson\gson\2.8.8\gson-2.8.8.jar;C:\Users\spittala\.m2\repository\org\jsoup\jsoup\1.14.2\jsoup-1.14.2.jar;C:\Users\spittala\.m2\repository\com\github\docker-java\docker-java\3.2.12\docker-java-3.2.12.jar;C:\Users\spittala\.m2\repository\com\github\docker-java\docker-java-core\3.2.12\docker-java-core-3.2.12.jar;C:\Users\spittala\.m2\repository\com\github\docker-java\docker-java-api\3.2.12\docker-java-api-3.2.12.jar;C:\Users\spittala\.m2\repository\com\fasterxml\jackson\core\jackson-annotations\2.10.3\jackson-annotations-2.10.3.jar;C:\Users\spittala\.m2\repository\commons-io\commons-io\2.6\commons-io-2.6.jar;C:\Users\spittala\.m2\repository\org\apache\commons\commons-compress\1.21\commons-compress-1.21.jar;C:\Users\spittala\.m2\repository\commons-lang\commons-lang\2.6\commons-lang-2.6.jar;C:\Users\spittala\.m2\repository\com\fasterxml\jackson\core\jackson-databind\2.10.3\jackson-databind-2.10.3.jar;C:\Users\spittala\.m2\repository\com\fasterxml\jackson\core\jackson-core\2.10.3\jackson-core-2.10.3.jar;C:\Users\spittala\.m2\repository\org\bouncycastle\bcpkix-jdk15on\1.64\bcpkix-jdk15on-1.64.jar;C:\Users\spittala\.m2\repository\org\bouncycastle\bcprov-jdk15on\1.64\bcprov-jdk15on-1.64.jar;C:\Users\spittala\.m2\repository\org\slf4j\jcl-over-slf4j\1.7.30\jcl-over-slf4j-1.7.30.jar;C:\Users\spittala\.m2\repository\com\github\docker-java\docker-java-transport-httpclient5\3.2.12\docker-java-transport-httpclient5-3.2.12.jar;C:\Users\spittala\.m2\repository\com\github\docker-java\docker-java-transport\3.2.12\docker-java-transport-3.2.12.jar;C:\Users\spittala\.m2\repository\org\apache\httpcomponents\client5\httpclient5\5.0.3\httpclient5-5.0.3.jar;C:\Users\spittala\.m2\repository\org\apache\httpcomponents\core5\httpcore5\5.0.2\httpcore5-5.0.2.jar;C:\Users\spittala\.m2\repository\commons-codec\commons-codec\1.13\commons-codec-1.13.jar;C:\Users\spittala\.m2\repository\net\java\dev\jna\jna\5.8.0\jna-5.8.0.jar;C:\Users\spittala\.m2\repository\org\brotli\dec\0.1.2\dec-0.1.2.jar;"/>
    <property name="java.vm.vendor" value="Oracle Corporation"/>
    <property name="sun.arch.data.model" value="64"/>
    <property name="user.variant" value=""/>
    <property name="java.vendor.url" value="http://java.oracle.com/"/>
    <property name="user.timezone" value="Asia/Calcutta"/>
    <property name="java.vm.specification.version" value="1.8"/>
    <property name="os.name" value="Windows 10"/>
    <property name="user.country" value="US"/>
    <property name="sun.java.launcher" value="SUN_STANDARD"/>
    <property name="sun.boot.library.path" value="C:\Program Files\Java\jdk1.8.0_291\jre\bin"/>
    <property name="sun.java.command" value="C:\Users\spittala\AppData\Local\Temp\surefire5500450683836432670\surefirebooter1662557730637027052.jar C:\Users\spittala\AppData\Local\Temp\surefire5500450683836432670 2021-11-18T18-38-32_122-jvmRun1 surefire4253607565195951073tmp surefire_03592796146383500084tmp"/>
    <property name="surefire.test.class.path" value="D:\Selenium_Practices\SeleniumGridDemo\target\test-classes;D:\Selenium_Practices\SeleniumGridDemo\target\classes;C:\Users\spittala\.m2\repository\org\seleniumhq\selenium\selenium-java\3.141.59\selenium-java-3.141.59.jar;C:\Users\spittala\.m2\repository\org\seleniumhq\selenium\selenium-api\3.141.59\selenium-api-3.141.59.jar;C:\Users\spittala\.m2\repository\org\seleniumhq\selenium\selenium-chrome-driver\3.141.59\selenium-chrome-driver-3.141.59.jar;C:\Users\spittala\.m2\repository\org\seleniumhq\selenium\selenium-edge-driver\3.141.59\selenium-edge-driver-3.141.59.jar;C:\Users\spittala\.m2\repository\org\seleniumhq\selenium\selenium-firefox-driver\3.141.59\selenium-firefox-driver-3.141.59.jar;C:\Users\spittala\.m2\repository\org\seleniumhq\selenium\selenium-ie-driver\3.141.59\selenium-ie-driver-3.141.59.jar;C:\Users\spittala\.m2\repository\org\seleniumhq\selenium\selenium-opera-driver\3.141.59\selenium-opera-driver-3.141.59.jar;C:\Users\spittala\.m2\repository\org\seleniumhq\selenium\selenium-remote-driver\3.141.59\selenium-remote-driver-3.141.59.jar;C:\Users\spittala\.m2\repository\org\seleniumhq\selenium\selenium-safari-driver\3.141.59\selenium-safari-driver-3.141.59.jar;C:\Users\spittala\.m2\repository\org\seleniumhq\selenium\selenium-support\3.141.59\selenium-support-3.141.59.jar;C:\Users\spittala\.m2\repository\net\bytebuddy\byte-buddy\1.8.15\byte-buddy-1.8.15.jar;C:\Users\spittala\.m2\repository\org\apache\commons\commons-exec\1.3\commons-exec-1.3.jar;C:\Users\spittala\.m2\repository\com\google\guava\guava\25.0-jre\guava-25.0-jre.jar;C:\Users\spittala\.m2\repository\com\google\code\findbugs\jsr305\1.3.9\jsr305-1.3.9.jar;C:\Users\spittala\.m2\repository\org\checkerframework\checker-compat-qual\2.0.0\checker-compat-qual-2.0.0.jar;C:\Users\spittala\.m2\repository\com\google\errorprone\error_prone_annotations\2.1.3\error_prone_annotations-2.1.3.jar;C:\Users\spittala\.m2\repository\com\google\j2objc\j2objc-annotations\1.1\j2objc-annotations-1.1.jar;C:\Users\spittala\.m2\repository\org\codehaus\mojo\animal-sniffer-annotations\1.14\animal-sniffer-annotations-1.14.jar;C:\Users\spittala\.m2\repository\com\squareup\okhttp3\okhttp\3.11.0\okhttp-3.11.0.jar;C:\Users\spittala\.m2\repository\com\squareup\okio\okio\1.14.0\okio-1.14.0.jar;C:\Users\spittala\.m2\repository\org\testng\testng\6.9.9\testng-6.9.9.jar;C:\Users\spittala\.m2\repository\junit\junit\4.10\junit-4.10.jar;C:\Users\spittala\.m2\repository\org\hamcrest\hamcrest-core\1.1\hamcrest-core-1.1.jar;C:\Users\spittala\.m2\repository\com\beust\jcommander\1.48\jcommander-1.48.jar;C:\Users\spittala\.m2\repository\org\apache\ant\ant\1.7.0\ant-1.7.0.jar;C:\Users\spittala\.m2\repository\org\apache\ant\ant-launcher\1.7.0\ant-launcher-1.7.0.jar;C:\Users\spittala\.m2\repository\org\yaml\snakeyaml\1.15\snakeyaml-1.15.jar;C:\Users\spittala\.m2\repository\org\beanshell\bsh\2.0b4\bsh-2.0b4.jar;C:\Users\spittala\.m2\repository\io\github\bonigarcia\webdrivermanager\5.0.3\webdrivermanager-5.0.3.jar;C:\Users\spittala\.m2\repository\org\slf4j\slf4j-api\1.7.32\slf4j-api-1.7.32.jar;C:\Users\spittala\.m2\repository\com\google\code\gson\gson\2.8.8\gson-2.8.8.jar;C:\Users\spittala\.m2\repository\org\jsoup\jsoup\1.14.2\jsoup-1.14.2.jar;C:\Users\spittala\.m2\repository\com\github\docker-java\docker-java\3.2.12\docker-java-3.2.12.jar;C:\Users\spittala\.m2\repository\com\github\docker-java\docker-java-core\3.2.12\docker-java-core-3.2.12.jar;C:\Users\spittala\.m2\repository\com\github\docker-java\docker-java-api\3.2.12\docker-java-api-3.2.12.jar;C:\Users\spittala\.m2\repository\com\fasterxml\jackson\core\jackson-annotations\2.10.3\jackson-annotations-2.10.3.jar;C:\Users\spittala\.m2\repository\commons-io\commons-io\2.6\commons-io-2.6.jar;C:\Users\spittala\.m2\repository\org\apache\commons\commons-compress\1.21\commons-compress-1.21.jar;C:\Users\spittala\.m2\repository\commons-lang\commons-lang\2.6\commons-lang-2.6.jar;C:\Users\spittala\.m2\repository\com\fasterxml\jackson\core\jackson-databind\2.10.3\jackson-databind-2.10.3.jar;C:\Users\spittala\.m2\repository\com\fasterxml\jackson\core\jackson-core\2.10.3\jackson-core-2.10.3.jar;C:\Users\spittala\.m2\repository\org\bouncycastle\bcpkix-jdk15on\1.64\bcpkix-jdk15on-1.64.jar;C:\Users\spittala\.m2\repository\org\bouncycastle\bcprov-jdk15on\1.64\bcprov-jdk15on-1.64.jar;C:\Users\spittala\.m2\repository\org\slf4j\jcl-over-slf4j\1.7.30\jcl-over-slf4j-1.7.30.jar;C:\Users\spittala\.m2\repository\com\github\docker-java\docker-java-transport-httpclient5\3.2.12\docker-java-transport-httpclient5-3.2.12.jar;C:\Users\spittala\.m2\repository\com\github\docker-java\docker-java-transport\3.2.12\docker-java-transport-3.2.12.jar;C:\Users\spittala\.m2\repository\org\apache\httpcomponents\client5\httpclient5\5.0.3\httpclient5-5.0.3.jar;C:\Users\spittala\.m2\repository\org\apache\httpcomponents\core5\httpcore5\5.0.2\httpcore5-5.0.2.jar;C:\Users\spittala\.m2\repository\commons-codec\commons-codec\1.13\commons-codec-1.13.jar;C:\Users\spittala\.m2\repository\net\java\dev\jna\jna\5.8.0\jna-5.8.0.jar;C:\Users\spittala\.m2\repository\org\brotli\dec\0.1.2\dec-0.1.2.jar;"/>
    <property name="sun.cpu.endian" value="little"/>
    <property name="user.home" value="C:\Users\spittala"/>
    <property name="user.language" value="en"/>
    <property name="java.specification.vendor" value="Oracle Corporation"/>
    <property name="java.home" value="C:\Program Files\Java\jdk1.8.0_291\jre"/>
    <property name="basedir" value="D:\Selenium_Practices\SeleniumGridDemo"/>
    <property name="file.separator" value="\"/>
    <property name="line.separator" value="&#10;"/>
    <property name="java.vm.specification.vendor" value="Oracle Corporation"/>
    <property name="java.specification.name" value="Java Platform API Specification"/>
    <property name="java.awt.graphicsenv" value="sun.awt.Win32GraphicsEnvironment"/>
    <property name="surefire.real.class.path" value="C:\Users\spittala\AppData\Local\Temp\surefire5500450683836432670\surefirebooter1662557730637027052.jar"/>
    <property name="sun.boot.class.path" value="C:\Program Files\Java\jdk1.8.0_291\jre\lib\resources.jar;C:\Program Files\Java\jdk1.8.0_291\jre\lib\rt.jar;C:\Program Files\Java\jdk1.8.0_291\jre\lib\sunrsasign.jar;C:\Program Files\Java\jdk1.8.0_291\jre\lib\jsse.jar;C:\Program Files\Java\jdk1.8.0_291\jre\lib\jce.jar;C:\Program Files\Java\jdk1.8.0_291\jre\lib\charsets.jar;C:\Program Files\Java\jdk1.8.0_291\jre\lib\jfr.jar;C:\Program Files\Java\jdk1.8.0_291\jre\classes"/>
    <property name="user.script" value=""/>
    <property name="sun.management.compiler" value="HotSpot 64-Bit Tiered Compilers"/>
    <property name="java.runtime.version" value="1.8.0_291-b10"/>
    <property name="user.name" value="spittala"/>
    <property name="path.separator" value=";"/>
    <property name="os.version" value="10.0"/>
    <property name="java.endorsed.dirs" value="C:\Program Files\Java\jdk1.8.0_291\jre\lib\endorsed"/>
    <property name="java.runtime.name" value="Java(TM) SE Runtime Environment"/>
    <property name="file.encoding" value="Cp1252"/>
    <property name="java.vm.name" value="Java HotSpot(TM) 64-Bit Server VM"/>
    <property name="localRepository" value="C:\Users\spittala\.m2\repository"/>
    <property name="java.vendor.url.bug" value="http://bugreport.sun.com/bugreport/"/>
    <property name="java.io.tmpdir" value="C:\Users\spittala\AppData\Local\Temp\"/>
    <property name="java.version" value="1.8.0_291"/>
    <property name="user.dir" value="D:\Selenium_Practices\SeleniumGridDemo"/>
    <property name="os.arch" value="amd64"/>
    <property name="java.vm.specification.name" value="Java Virtual Machine Specification"/>
    <property name="java.awt.printerjob" value="sun.awt.windows.WPrinterJob"/>
    <property name="sun.os.patch.level" value=""/>
    <property name="java.library.path" value="C:\Program Files\Java\jdk1.8.0_291\jre\bin;C:\Windows\Sun\Java\bin;C:\Windows\system32;C:\Windows;C:/Users/spittala/.p2/pool/plugins/org.eclipse.justj.openjdk.hotspot.jre.full.win32.x86_64_15.0.2.v20210201-0955/jre/bin/server;C:/Users/spittala/.p2/pool/plugins/org.eclipse.justj.openjdk.hotspot.jre.full.win32.x86_64_15.0.2.v20210201-0955/jre/bin;C:\Program Files\Common Files\Oracle\Java\javapath;C:\Program Files (x86)\Common Files\Oracle\Java\javapath;C:\Windows\system32;C:\Windows;C:\Windows\System32\Wbem;C:\Windows\System32\WindowsPowerShell\v1.0\;C:\Windows\System32\OpenSSH\;C:\Program Files\Microsoft SQL Server\130\Tools\Binn\;C:\Program Files\Microsoft SQL Server\Client SDK\ODBC\170\Tools\Binn\;C:\Program Files (x86)\Microsoft SQL Server\Client SDK\ODBC\130\Tools\Binn\;C:\Program Files (x86)\Microsoft SQL Server\130\Tools\Binn\;C:\Program Files (x86)\Microsoft SQL Server\130\DTS\Binn\;C:\Program Files (x86)\Microsoft SQL Server\130\Tools\Binn\ManagementStudio\;C:\Program Files\Git\cmd;C:\Program Files (x86)\nodejs\;C:\Users\spittala\AppData\Roaming\npm;C:\Program Files\Java\jdk1.8.0_291\bin;C:\apache-maven-3.8.1\bin;C:\Program Files\Docker\Docker\resources\bin;C:\ProgramData\DockerDesktop\version-bin;C:\Users\spittala\AppData\Local\Programs\Python\Python38\;C:\Users\spittala\AppData\Local\Microsoft\WindowsApps\;C:\Users\spittala\AppData\Local\Programs\Python\Python38\Scripts\;C:\Users\spittala\AppData\Local\Microsoft\WindowsApps\Scripts\;C:\Program Files\dotnet\;C:\Users\spittala\AppData\Local\Android\Sdk\build-tools;C:\Users\spittala\AppData\Local\Android\Sdk\platform-tools;C:\Users\spittala\AppData\Local\Android\Sdk\tools;C:\apache-maven-3.8.1\;C:\Program Files\Android\Android Studio\bin;C:\Program Files\Java\jdk1.8.0_291\\bin;C:\Users\spittala\AppData\Local\Android\Sdk\tools\bin;C:\Users\spittala\AppData\Local\Android\Sdk\emulator;C:\Users\spittala\AppData\Local\Programs\Python\Python38\Scripts\;C:\Users\spittala\AppData\Local\Programs\Python\Python38\;C:\Users\spittala\AppData\Local\Microsoft\WindowsApps;;C:\Program Files\JetBrains\PyCharm Community Edition 2020.1.2\bin;;C:\Users\spittala\AppData\Local\Programs\Microsoft VS Code\bin;C:\Users\spittala\AppData\Roaming\npm;C:\Windows\system32;;."/>
    <property name="java.vm.info" value="mixed mode"/>
    <property name="java.vendor" value="Oracle Corporation"/>
    <property name="java.vm.version" value="25.291-b10"/>
    <property name="java.ext.dirs" value="C:\Program Files\Java\jdk1.8.0_291\jre\lib\ext;C:\Windows\Sun\Java\lib\ext"/>
    <property name="sun.io.unicode.encoding" value="UnicodeLittle"/>
    <property name="java.class.version" value="52.0"/>
  </properties>
  <testcase name="ClassOneMethod1" classname="testPack.SGDClassOne" time="14.635">
    <system-out><![CDATA[Google
]]></system-out>
    <system-err><![CDATA[Nov 18, 2021 6:38:43 PM org.openqa.selenium.remote.ProtocolHandshake createSession
INFO: Detected dialect: W3C
Nov 18, 2021 6:38:43 PM org.openqa.selenium.remote.ProtocolHandshake createSession
INFO: Detected dialect: W3C
Nov 18, 2021 6:38:43 PM org.openqa.selenium.remote.ProtocolHandshake createSession
INFO: Detected dialect: W3C
Nov 18, 2021 6:38:43 PM org.openqa.selenium.remote.ProtocolHandshake createSession
INFO: Detected dialect: W3C
Nov 18, 2021 6:38:43 PM org.openqa.selenium.remote.ProtocolHandshake createSession
INFO: Detected dialect: W3C
]]></system-err>
  </testcase>
  <testcase name="ClassOneMethod4" classname="testPack.SGDClassOne" time="1.053">
    <system-out><![CDATA[Google
Google
Google
Google
]]></system-out>
  </testcase>
  <testcase name="ClassOneMethod5" classname="testPack.SGDClassOne" time="0.218"/>
  <testcase name="ClassOneMethod2" classname="testPack.SGDClassOne" time="0.153"/>
  <testcase name="ClassOneMethod3" classname="testPack.SGDClassOne" time="0.431"/>
  <testcase name="ClassTwoMethod2" classname="testPack.SGDClassTwo" time="12.72">
    <system-out><![CDATA[Google
Google
Google
]]></system-out>
    <system-err><![CDATA[Nov 18, 2021 6:38:55 PM org.openqa.selenium.remote.ProtocolHandshake createSession
INFO: Detected dialect: W3C
Nov 18, 2021 6:38:55 PM org.openqa.selenium.remote.ProtocolHandshake createSession
INFO: Detected dialect: W3C
Nov 18, 2021 6:38:57 PM org.openqa.selenium.remote.ProtocolHandshake createSession
INFO: Detected dialect: W3C
Nov 18, 2021 6:39:00 PM org.openqa.selenium.remote.ProtocolHandshake createSession
INFO: Detected dialect: W3C
Nov 18, 2021 6:39:02 PM org.openqa.selenium.remote.ProtocolHandshake createSession
INFO: Detected dialect: W3C
]]></system-err>
  </testcase>
  <testcase name="ClassTwoMethod3" classname="testPack.SGDClassTwo" time="3.474">
    <system-out><![CDATA[Google
Google
]]></system-out>
  </testcase>
  <testcase name="ClassTwoMethod1" classname="testPack.SGDClassTwo" time="0.713">
    <system-err><![CDATA[Nov 18, 2021 6:39:08 PM org.openqa.selenium.remote.ProtocolHandshake createSession
INFO: Detected dialect: W3C
]]></system-err>
  </testcase>
  <testcase name="ClassTwoMethod5" classname="testPack.SGDClassTwo" time="2.903"/>
  <testcase name="ClassTwoMethod4" classname="testPack.SGDClassTwo" time="0.066"/>
  <testcase name="ClassThreeMethod1" classname="testPack.SGDClassThree" time="6.992">
    <system-out><![CDATA[Google
Google
]]></system-out>
    <system-err><![CDATA[Nov 18, 2021 6:39:11 PM org.openqa.selenium.remote.ProtocolHandshake createSession
INFO: Detected dialect: W3C
Nov 18, 2021 6:39:14 PM org.openqa.selenium.remote.ProtocolHandshake createSession
INFO: Detected dialect: W3C
]]></system-err>
  </testcase>
  <testcase name="ClassThreeMethod2" classname="testPack.SGDClassThree" time="1.976">
    <system-err><![CDATA[Nov 18, 2021 6:39:18 PM org.openqa.selenium.remote.ProtocolHandshake createSession
INFO: Detected dialect: W3C
Nov 18, 2021 6:39:19 PM org.openqa.selenium.remote.ProtocolHandshake createSession
INFO: Detected dialect: W3C
]]></system-err>
  </testcase>
  <testcase name="ClassThreeMethod4" classname="testPack.SGDClassThree" time="4.082">
    <system-out><![CDATA[Google
Google
]]></system-out>
    <system-err><![CDATA[Nov 18, 2021 6:39:24 PM org.openqa.selenium.remote.ProtocolHandshake createSession
INFO: Detected dialect: W3C
]]></system-err>
  </testcase>
  <testcase name="ClassThreeMethod3" classname="testPack.SGDClassThree" time="1.551">
    <system-out><![CDATA[Google
]]></system-out>
  </testcase>
  <testcase name="ClassThreeMethod5" classname="testPack.SGDClassThree" time="2.167">
    <system-out><![CDATA[Google
]]></system-out>
    <system-err><![CDATA[Nov 18, 2021 6:39:33 PM org.openqa.selenium.remote.ProtocolHandshake createSession
INFO: Detected dialect: W3C
]]></system-err>
  </testcase>
  <testcase name="ClassFourMethod1" classname="testPack.SGDClassFour" time="5.708">
    <system-out><![CDATA[Google
Google
]]></system-out>
    <system-err><![CDATA[Nov 18, 2021 6:39:26 PM org.openqa.selenium.remote.ProtocolHandshake createSession
INFO: Detected dialect: W3C
Nov 18, 2021 6:39:29 PM org.openqa.selenium.remote.ProtocolHandshake createSession
INFO: Detected dialect: W3C
]]></system-err>
  </testcase>
  <testcase name="ClassFourMethod3" classname="testPack.SGDClassFour" time="3.094">
    <system-err><![CDATA[Nov 18, 2021 6:39:36 PM org.openqa.selenium.remote.ProtocolHandshake createSession
INFO: Detected dialect: W3C
]]></system-err>
  </testcase>
  <testcase name="ClassFourMethod2" classname="testPack.SGDClassFour" time="0.302"/>
  <testcase name="ClassFourMethod4" classname="testPack.SGDClassFour" time="2.727">
    <system-out><![CDATA[Google
]]></system-out>
    <system-err><![CDATA[Nov 18, 2021 6:39:39 PM org.openqa.selenium.remote.ProtocolHandshake createSession
INFO: Detected dialect: W3C
]]></system-err>
  </testcase>
  <testcase name="ClassFourMethod5" classname="testPack.SGDClassFour" time="4.409">
    <system-out><![CDATA[Google
]]></system-out>
    <system-err><![CDATA[Nov 18, 2021 6:39:43 PM org.openqa.selenium.remote.ProtocolHandshake createSession
INFO: Detected dialect: W3C
]]></system-err>
  </testcase>
  <testcase name="ClassFiveMethod1" classname="testPack.SGDClassFive" time="3.873">
    <system-out><![CDATA[Google
]]></system-out>
    <system-err><![CDATA[Nov 18, 2021 6:39:47 PM org.openqa.selenium.remote.ProtocolHandshake createSession
INFO: Detected dialect: W3C
Nov 18, 2021 6:39:48 PM org.openqa.selenium.remote.ProtocolHandshake createSession
INFO: Detected dialect: W3C
]]></system-err>
  </testcase>
  <testcase name="ClassFiveMethod2" classname="testPack.SGDClassFive" time="10.63">
    <system-out><![CDATA[Google
Google
]]></system-out>
    <system-err><![CDATA[Nov 18, 2021 6:39:53 PM org.openqa.selenium.remote.ProtocolHandshake createSession
INFO: Detected dialect: W3C
]]></system-err>
  </testcase>
  <testcase name="ClassFiveMethod3" classname="testPack.SGDClassFive" time="11.129">
    <system-out><![CDATA[Google
]]></system-out>
  </testcase>
  <testcase name="ClassFiveMethod4" classname="testPack.SGDClassFive" time="11.26"/>
  <testcase name="ClassFiveMethod5" classname="testPack.SGDClassFive" time="13.309">
    <system-out><![CDATA[Google
]]></system-out>
  </testcase>
</testsuite>