<?xml version="1.0" encoding="UTF-8"?>
<!-- Generated by org.testng.reporters.JUnitReportReporter -->
<testsuite hostname="DESKTOP-UAU9ODK" name="testPack.SGDClassTwo" tests="5" failures="0" timestamp="18 Nov 2021 07:51:56 GMT" time="240.287" errors="0">
  <testcase name="ClassTwoMethod4" time="37.587" classname="testPack.SGDClassTwo"/>
  <testcase name="ClassTwoMethod1" time="96.250" classname="testPack.SGDClassTwo"/>
  <testcase name="ClassTwoMethod3" time="36.646" classname="testPack.SGDClassTwo"/>
  <testcase name="ClassTwoMethod5" time="33.823" classname="testPack.SGDClassTwo"/>
  <testcase name="ClassTwoMethod2" time="35.981" classname="testPack.SGDClassTwo"/>
</testsuite> <!-- testPack.SGDClassTwo -->
