<?xml version="1.0" encoding="UTF-8"?>
<!-- Generated by org.testng.reporters.JUnitReportReporter -->
<testsuite hostname="DESKTOP-UAU9ODK" name="SGDClassOne" tests="5" failures="0" timestamp="18 Nov 2021 07:17:54 GMT" time="5.500" errors="0">
  <testcase name="ClassOneMethod5" time="0.004" classname="SGDClassOne"/>
  <testcase name="ClassOneMethod1" time="5.488" classname="SGDClassOne"/>
  <testcase name="ClassOneMethod3" time="0.004" classname="SGDClassOne"/>
  <testcase name="ClassOneMethod2" time="0.002" classname="SGDClassOne"/>
  <testcase name="ClassOneMethod4" time="0.002" classname="SGDClassOne"/>
</testsuite> <!-- SGDClassOne -->
