<?xml version="1.0" encoding="UTF-8"?>
<!-- Generated by org.testng.reporters.JUnitReportReporter -->
<testsuite hostname="DESKTOP-UAU9ODK" name="testPack.SGDClassFive" tests="1" failures="0" timestamp="4 Jan 2022 12:58:59 GMT" time="0.045" errors="0">
  <testcase name="ClassFiveMethod1" time="0.045" classname="testPack.SGDClassFive"/>
</testsuite> <!-- testPack.SGDClassFive -->
