<?xml version="1.0" encoding="UTF-8"?>
<!-- Generated by org.testng.reporters.JUnitReportReporter -->
<testsuite hostname="DESKTOP-UAU9ODK" name="testPack.SGDClassTwo" tests="5" failures="0" timestamp="18 Nov 2021 13:09:58 GMT" time="89.181" errors="0">
  <testcase name="ClassTwoMethod2" time="13.520" classname="testPack.SGDClassTwo"/>
  <testcase name="ClassTwoMethod1" time="18.786" classname="testPack.SGDClassTwo"/>
  <testcase name="ClassTwoMethod3" time="16.776" classname="testPack.SGDClassTwo"/>
  <testcase name="ClassTwoMethod4" time="20.293" classname="testPack.SGDClassTwo"/>
  <testcase name="ClassTwoMethod5" time="19.806" classname="testPack.SGDClassTwo"/>
</testsuite> <!-- testPack.SGDClassTwo -->
