<?xml version="1.0" encoding="UTF-8"?>
<!-- Generated by org.testng.reporters.JUnitReportReporter -->
<testsuite hostname="DESKTOP-UAU9ODK" name="testPack.SGDClassFive" tests="5" failures="0" timestamp="18 Nov 2021 13:09:58 GMT" time="79.736" errors="0">
  <testcase name="ClassFiveMethod1" time="14.407" classname="testPack.SGDClassFive"/>
  <testcase name="ClassFiveMethod3" time="18.263" classname="testPack.SGDClassFive"/>
  <testcase name="ClassFiveMethod5" time="13.322" classname="testPack.SGDClassFive"/>
  <testcase name="ClassFiveMethod4" time="15.675" classname="testPack.SGDClassFive"/>
  <testcase name="ClassFiveMethod2" time="18.069" classname="testPack.SGDClassFive"/>
</testsuite> <!-- testPack.SGDClassFive -->
