<?xml version="1.0" encoding="UTF-8"?>
<!-- Generated by org.testng.reporters.JUnitReportReporter -->
<testsuite hostname="DESKTOP-UAU9ODK" name="testPack.SGDClassThree" tests="5" failures="0" timestamp="18 Nov 2021 13:09:58 GMT" time="79.948" errors="0">
  <testcase name="ClassThreeMethod4" time="13.113" classname="testPack.SGDClassThree"/>
  <testcase name="ClassThreeMethod2" time="12.642" classname="testPack.SGDClassThree"/>
  <testcase name="ClassThreeMethod5" time="22.482" classname="testPack.SGDClassThree"/>
  <testcase name="ClassThreeMethod1" time="14.149" classname="testPack.SGDClassThree"/>
  <testcase name="ClassThreeMethod3" time="17.562" classname="testPack.SGDClassThree"/>
</testsuite> <!-- testPack.SGDClassThree -->
