<?xml version="1.0" encoding="UTF-8"?>
<!-- Generated by org.testng.reporters.JUnitReportReporter -->
<testsuite hostname="DESKTOP-UAU9ODK" name="testPack.SGDClassFour" tests="5" failures="0" timestamp="18 Nov 2021 13:09:58 GMT" time="69.432" errors="0">
  <testcase name="ClassFourMethod1" time="13.312" classname="testPack.SGDClassFour"/>
  <testcase name="ClassFourMethod5" time="12.689" classname="testPack.SGDClassFour"/>
  <testcase name="ClassFourMethod2" time="16.911" classname="testPack.SGDClassFour"/>
  <testcase name="ClassFourMethod3" time="12.519" classname="testPack.SGDClassFour"/>
  <testcase name="ClassFourMethod4" time="14.001" classname="testPack.SGDClassFour"/>
</testsuite> <!-- testPack.SGDClassFour -->
