<?xml version="1.0" encoding="UTF-8"?>
<!-- Generated by org.testng.reporters.JUnitReportReporter -->
<testsuite hostname="DESKTOP-UAU9ODK" name="testPack.SGDClassOne" tests="5" failures="0" timestamp="18 Nov 2021 13:09:57 GMT" time="78.793" errors="0">
  <testcase name="ClassOneMethod2" time="16.068" classname="testPack.SGDClassOne"/>
  <testcase name="ClassOneMethod4" time="15.695" classname="testPack.SGDClassOne"/>
  <testcase name="ClassOneMethod5" time="15.914" classname="testPack.SGDClassOne"/>
  <testcase name="ClassOneMethod3" time="16.500" classname="testPack.SGDClassOne"/>
  <testcase name="ClassOneMethod1" time="14.616" classname="testPack.SGDClassOne"/>
</testsuite> <!-- testPack.SGDClassOne -->
