<?xml version="1.0" encoding="UTF-8"?>
<testsuite xmlns:xsi="http://www.w3.org/2001/XMLSchema-instance" xsi:noNamespaceSchemaLocation="https://maven.apache.org/surefire/maven-surefire-plugin/xsd/surefire-test-report-3.0.xsd" version="3.0" name="Home page validation" time="54.734" tests="3" errors="3" skipped="0" failures="0">
  <properties>
    <property name="sun.desktop" value="windows"/>
    <property name="awt.toolkit" value="sun.awt.windows.WToolkit"/>
    <property name="file.encoding.pkg" value="sun.io"/>
    <property name="java.specification.version" value="1.8"/>
    <property name="sun.cpu.isalist" value="amd64"/>
    <property name="sun.jnu.encoding" value="Cp1252"/>
    <property name="java.class.path" value="D:\Selenium_Practices\cucumberProject2\target\test-classes;D:\Selenium_Practices\cucumberProject2\target\classes;C:\Users\spittala\.m2\repository\io\cucumber\cucumber-java\6.8.1\cucumber-java-6.8.1.jar;C:\Users\spittala\.m2\repository\io\cucumber\cucumber-core\6.8.1\cucumber-core-6.8.1.jar;C:\Users\spittala\.m2\repository\io\cucumber\cucumber-gherkin\6.8.1\cucumber-gherkin-6.8.1.jar;C:\Users\spittala\.m2\repository\io\cucumber\cucumber-gherkin-messages\6.8.1\cucumber-gherkin-messages-6.8.1.jar;C:\Users\spittala\.m2\repository\io\cucumber\messages\13.1.0\messages-13.1.0.jar;C:\Users\spittala\.m2\repository\io\cucumber\tag-expressions\3.0.0\tag-expressions-3.0.0.jar;C:\Users\spittala\.m2\repository\io\cucumber\cucumber-expressions\10.3.0\cucumber-expressions-10.3.0.jar;C:\Users\spittala\.m2\repository\io\cucumber\datatable\3.5.0\datatable-3.5.0.jar;C:\Users\spittala\.m2\repository\io\cucumber\cucumber-plugin\6.8.1\cucumber-plugin-6.8.1.jar;C:\Users\spittala\.m2\repository\io\cucumber\docstring\6.8.1\docstring-6.8.1.jar;C:\Users\spittala\.m2\repository\io\cucumber\html-formatter\9.0.0\html-formatter-9.0.0.jar;C:\Users\spittala\.m2\repository\io\cucumber\create-meta\2.0.2\create-meta-2.0.2.jar;C:\Users\spittala\.m2\repository\org\apiguardian\apiguardian-api\1.1.0\apiguardian-api-1.1.0.jar;C:\Users\spittala\.m2\repository\io\cucumber\cucumber-junit\6.8.1\cucumber-junit-6.8.1.jar;C:\Users\spittala\.m2\repository\junit\junit\4.13.2\junit-4.13.2.jar;C:\Users\spittala\.m2\repository\org\hamcrest\hamcrest-core\1.3\hamcrest-core-1.3.jar;C:\Users\spittala\.m2\repository\org\seleniumhq\selenium\selenium-java\3.141.59\selenium-java-3.141.59.jar;C:\Users\spittala\.m2\repository\org\seleniumhq\selenium\selenium-api\3.141.59\selenium-api-3.141.59.jar;C:\Users\spittala\.m2\repository\org\seleniumhq\selenium\selenium-chrome-driver\3.141.59\selenium-chrome-driver-3.141.59.jar;C:\Users\spittala\.m2\repository\org\seleniumhq\selenium\selenium-edge-driver\3.141.59\selenium-edge-driver-3.141.59.jar;C:\Users\spittala\.m2\repository\org\seleniumhq\selenium\selenium-firefox-driver\3.141.59\selenium-firefox-driver-3.141.59.jar;C:\Users\spittala\.m2\repository\org\seleniumhq\selenium\selenium-ie-driver\3.141.59\selenium-ie-driver-3.141.59.jar;C:\Users\spittala\.m2\repository\org\seleniumhq\selenium\selenium-opera-driver\3.141.59\selenium-opera-driver-3.141.59.jar;C:\Users\spittala\.m2\repository\org\seleniumhq\selenium\selenium-remote-driver\3.141.59\selenium-remote-driver-3.141.59.jar;C:\Users\spittala\.m2\repository\org\seleniumhq\selenium\selenium-safari-driver\3.141.59\selenium-safari-driver-3.141.59.jar;C:\Users\spittala\.m2\repository\org\seleniumhq\selenium\selenium-support\3.141.59\selenium-support-3.141.59.jar;C:\Users\spittala\.m2\repository\net\bytebuddy\byte-buddy\1.8.15\byte-buddy-1.8.15.jar;C:\Users\spittala\.m2\repository\org\apache\commons\commons-exec\1.3\commons-exec-1.3.jar;C:\Users\spittala\.m2\repository\com\google\guava\guava\25.0-jre\guava-25.0-jre.jar;C:\Users\spittala\.m2\repository\com\google\code\findbugs\jsr305\1.3.9\jsr305-1.3.9.jar;C:\Users\spittala\.m2\repository\org\checkerframework\checker-compat-qual\2.0.0\checker-compat-qual-2.0.0.jar;C:\Users\spittala\.m2\repository\com\google\errorprone\error_prone_annotations\2.1.3\error_prone_annotations-2.1.3.jar;C:\Users\spittala\.m2\repository\com\google\j2objc\j2objc-annotations\1.1\j2objc-annotations-1.1.jar;C:\Users\spittala\.m2\repository\org\codehaus\mojo\animal-sniffer-annotations\1.14\animal-sniffer-annotations-1.14.jar;C:\Users\spittala\.m2\repository\com\squareup\okhttp3\okhttp\3.11.0\okhttp-3.11.0.jar;C:\Users\spittala\.m2\repository\com\squareup\okio\okio\1.14.0\okio-1.14.0.jar;"/>
    <property name="java.vm.vendor" value="Oracle Corporation"/>
    <property name="sun.arch.data.model" value="64"/>
    <property name="user.variant" value=""/>
    <property name="java.vendor.url" value="http://java.oracle.com/"/>
    <property name="user.timezone" value="Asia/Calcutta"/>
    <property name="java.vm.specification.version" value="1.8"/>
    <property name="os.name" value="Windows 10"/>
    <property name="user.country" value="US"/>
    <property name="sun.java.launcher" value="SUN_STANDARD"/>
    <property name="sun.boot.library.path" value="C:\Program Files\Java\jdk1.8.0_321\jre\bin"/>
    <property name="sun.java.command" value="C:\Users\spittala\AppData\Local\Temp\surefire7767004545527141763\surefirebooter2019419171426334055.jar C:\Users\spittala\AppData\Local\Temp\surefire7767004545527141763 2022-03-07T18-45-54_597-jvmRun1 surefire4040129549111269501tmp surefire_04891589981671180337tmp"/>
    <property name="surefire.test.class.path" value="D:\Selenium_Practices\cucumberProject2\target\test-classes;D:\Selenium_Practices\cucumberProject2\target\classes;C:\Users\spittala\.m2\repository\io\cucumber\cucumber-java\6.8.1\cucumber-java-6.8.1.jar;C:\Users\spittala\.m2\repository\io\cucumber\cucumber-core\6.8.1\cucumber-core-6.8.1.jar;C:\Users\spittala\.m2\repository\io\cucumber\cucumber-gherkin\6.8.1\cucumber-gherkin-6.8.1.jar;C:\Users\spittala\.m2\repository\io\cucumber\cucumber-gherkin-messages\6.8.1\cucumber-gherkin-messages-6.8.1.jar;C:\Users\spittala\.m2\repository\io\cucumber\messages\13.1.0\messages-13.1.0.jar;C:\Users\spittala\.m2\repository\io\cucumber\tag-expressions\3.0.0\tag-expressions-3.0.0.jar;C:\Users\spittala\.m2\repository\io\cucumber\cucumber-expressions\10.3.0\cucumber-expressions-10.3.0.jar;C:\Users\spittala\.m2\repository\io\cucumber\datatable\3.5.0\datatable-3.5.0.jar;C:\Users\spittala\.m2\repository\io\cucumber\cucumber-plugin\6.8.1\cucumber-plugin-6.8.1.jar;C:\Users\spittala\.m2\repository\io\cucumber\docstring\6.8.1\docstring-6.8.1.jar;C:\Users\spittala\.m2\repository\io\cucumber\html-formatter\9.0.0\html-formatter-9.0.0.jar;C:\Users\spittala\.m2\repository\io\cucumber\create-meta\2.0.2\create-meta-2.0.2.jar;C:\Users\spittala\.m2\repository\org\apiguardian\apiguardian-api\1.1.0\apiguardian-api-1.1.0.jar;C:\Users\spittala\.m2\repository\io\cucumber\cucumber-junit\6.8.1\cucumber-junit-6.8.1.jar;C:\Users\spittala\.m2\repository\junit\junit\4.13.2\junit-4.13.2.jar;C:\Users\spittala\.m2\repository\org\hamcrest\hamcrest-core\1.3\hamcrest-core-1.3.jar;C:\Users\spittala\.m2\repository\org\seleniumhq\selenium\selenium-java\3.141.59\selenium-java-3.141.59.jar;C:\Users\spittala\.m2\repository\org\seleniumhq\selenium\selenium-api\3.141.59\selenium-api-3.141.59.jar;C:\Users\spittala\.m2\repository\org\seleniumhq\selenium\selenium-chrome-driver\3.141.59\selenium-chrome-driver-3.141.59.jar;C:\Users\spittala\.m2\repository\org\seleniumhq\selenium\selenium-edge-driver\3.141.59\selenium-edge-driver-3.141.59.jar;C:\Users\spittala\.m2\repository\org\seleniumhq\selenium\selenium-firefox-driver\3.141.59\selenium-firefox-driver-3.141.59.jar;C:\Users\spittala\.m2\repository\org\seleniumhq\selenium\selenium-ie-driver\3.141.59\selenium-ie-driver-3.141.59.jar;C:\Users\spittala\.m2\repository\org\seleniumhq\selenium\selenium-opera-driver\3.141.59\selenium-opera-driver-3.141.59.jar;C:\Users\spittala\.m2\repository\org\seleniumhq\selenium\selenium-remote-driver\3.141.59\selenium-remote-driver-3.141.59.jar;C:\Users\spittala\.m2\repository\org\seleniumhq\selenium\selenium-safari-driver\3.141.59\selenium-safari-driver-3.141.59.jar;C:\Users\spittala\.m2\repository\org\seleniumhq\selenium\selenium-support\3.141.59\selenium-support-3.141.59.jar;C:\Users\spittala\.m2\repository\net\bytebuddy\byte-buddy\1.8.15\byte-buddy-1.8.15.jar;C:\Users\spittala\.m2\repository\org\apache\commons\commons-exec\1.3\commons-exec-1.3.jar;C:\Users\spittala\.m2\repository\com\google\guava\guava\25.0-jre\guava-25.0-jre.jar;C:\Users\spittala\.m2\repository\com\google\code\findbugs\jsr305\1.3.9\jsr305-1.3.9.jar;C:\Users\spittala\.m2\repository\org\checkerframework\checker-compat-qual\2.0.0\checker-compat-qual-2.0.0.jar;C:\Users\spittala\.m2\repository\com\google\errorprone\error_prone_annotations\2.1.3\error_prone_annotations-2.1.3.jar;C:\Users\spittala\.m2\repository\com\google\j2objc\j2objc-annotations\1.1\j2objc-annotations-1.1.jar;C:\Users\spittala\.m2\repository\org\codehaus\mojo\animal-sniffer-annotations\1.14\animal-sniffer-annotations-1.14.jar;C:\Users\spittala\.m2\repository\com\squareup\okhttp3\okhttp\3.11.0\okhttp-3.11.0.jar;C:\Users\spittala\.m2\repository\com\squareup\okio\okio\1.14.0\okio-1.14.0.jar;"/>
    <property name="sun.cpu.endian" value="little"/>
    <property name="user.home" value="C:\Users\spittala"/>
    <property name="user.language" value="en"/>
    <property name="java.specification.vendor" value="Oracle Corporation"/>
    <property name="java.home" value="C:\Program Files\Java\jdk1.8.0_321\jre"/>
    <property name="basedir" value="D:\Selenium_Practices\cucumberProject2"/>
    <property name="file.separator" value="\"/>
    <property name="line.separator" value="&#10;"/>
    <property name="java.vm.specification.vendor" value="Oracle Corporation"/>
    <property name="java.specification.name" value="Java Platform API Specification"/>
    <property name="java.awt.graphicsenv" value="sun.awt.Win32GraphicsEnvironment"/>
    <property name="surefire.real.class.path" value="C:\Users\spittala\AppData\Local\Temp\surefire7767004545527141763\surefirebooter2019419171426334055.jar"/>
    <property name="sun.boot.class.path" value="C:\Program Files\Java\jdk1.8.0_321\jre\lib\resources.jar;C:\Program Files\Java\jdk1.8.0_321\jre\lib\rt.jar;C:\Program Files\Java\jdk1.8.0_321\jre\lib\sunrsasign.jar;C:\Program Files\Java\jdk1.8.0_321\jre\lib\jsse.jar;C:\Program Files\Java\jdk1.8.0_321\jre\lib\jce.jar;C:\Program Files\Java\jdk1.8.0_321\jre\lib\charsets.jar;C:\Program Files\Java\jdk1.8.0_321\jre\lib\jfr.jar;C:\Program Files\Java\jdk1.8.0_321\jre\classes"/>
    <property name="user.script" value=""/>
    <property name="sun.management.compiler" value="HotSpot 64-Bit Tiered Compilers"/>
    <property name="java.runtime.version" value="1.8.0_321-b07"/>
    <property name="user.name" value="spittala"/>
    <property name="path.separator" value=";"/>
    <property name="os.version" value="10.0"/>
    <property name="java.endorsed.dirs" value="C:\Program Files\Java\jdk1.8.0_321\jre\lib\endorsed"/>
    <property name="java.runtime.name" value="Java(TM) SE Runtime Environment"/>
    <property name="file.encoding" value="Cp1252"/>
    <property name="java.vm.name" value="Java HotSpot(TM) 64-Bit Server VM"/>
    <property name="localRepository" value="C:\Users\spittala\.m2\repository"/>
    <property name="java.vendor.url.bug" value="http://bugreport.sun.com/bugreport/"/>
    <property name="java.io.tmpdir" value="C:\Users\spittala\AppData\Local\Temp\"/>
    <property name="java.version" value="1.8.0_321"/>
    <property name="user.dir" value="D:\Selenium_Practices\cucumberProject2"/>
    <property name="os.arch" value="amd64"/>
    <property name="webdriver.gecko.driver" value="C:\Users\Vibha\Software\geckodriver-v0.26.0-win64\geckodriver.exe"/>
    <property name="java.vm.specification.name" value="Java Virtual Machine Specification"/>
    <property name="java.awt.printerjob" value="sun.awt.windows.WPrinterJob"/>
    <property name="sun.os.patch.level" value=""/>
    <property name="java.library.path" value="C:\Program Files\Java\jdk1.8.0_321\jre\bin;C:\Windows\Sun\Java\bin;C:\Windows\system32;C:\Windows;C:\Program Files\Common Files\Oracle\Java\javapath;C:\Program Files (x86)\Common Files\Oracle\Java\javapath;C:\Windows\system32;C:\Windows;C:\Windows\System32\Wbem;C:\Windows\System32\WindowsPowerShell\v1.0\;C:\Windows\System32\OpenSSH\;C:\Program Files\Microsoft SQL Server\130\Tools\Binn\;C:\Program Files\Microsoft SQL Server\Client SDK\ODBC\170\Tools\Binn\;C:\Program Files (x86)\Microsoft SQL Server\Client SDK\ODBC\130\Tools\Binn\;C:\Program Files (x86)\Microsoft SQL Server\130\Tools\Binn\;C:\Program Files (x86)\Microsoft SQL Server\130\DTS\Binn\;C:\Program Files (x86)\Microsoft SQL Server\130\Tools\Binn\ManagementStudio\;C:\Program Files\Git\cmd;C:\Program Files (x86)\nodejs\;C:\Users\spittala\AppData\Roaming\npm;C:\Program Files\Java\jdk1.8.0_321\bin;C:\apache-maven-3.8.1\bin;C:\Program Files\Docker\Docker\resources\bin;C:\ProgramData\DockerDesktop\version-bin;C:\Users\spittala\AppData\Local\Programs\Python\Python38\;C:\Users\spittala\AppData\Local\Microsoft\WindowsApps\;C:\Users\spittala\AppData\Local\Programs\Python\Python38\Scripts\;C:\Users\spittala\AppData\Local\Microsoft\WindowsApps\Scripts\;C:\Users\spittala\AppData\Local\Android\Sdk\build-tools;C:\Users\spittala\AppData\Local\Android\Sdk\platform-tools;C:\Users\spittala\AppData\Local\Android\Sdk\tools;C:\apache-maven-3.8.1\;C:\Program Files\Android\Android Studio\bin;C:\Users\spittala\AppData\Local\Android\Sdk\tools\bin;C:\Users\spittala\AppData\Local\Android\Sdk\emulator;C:\Program Files (x86)\Microsoft SQL Server\150\Tools\Binn\;C:\Program Files\Microsoft SQL Server\150\Tools\Binn\;C:\Program Files\Microsoft SQL Server\150\DTS\Binn\;C:\Program Files\dotnet\;C:\Users\spittala\AppData\Local\Programs\Python\Python38\Scripts\;C:\Users\spittala\AppData\Local\Programs\Python\Python38\;C:\Users\spittala\AppData\Local\Microsoft\WindowsApps;;C:\Program Files\JetBrains\PyCharm Community Edition 2020.1.2\bin;;C:\Users\spittala\AppData\Local\Programs\Microsoft VS Code\bin;C:\Users\spittala\AppData\Roaming\npm;."/>
    <property name="java.vm.info" value="mixed mode"/>
    <property name="java.vendor" value="Oracle Corporation"/>
    <property name="java.vm.version" value="25.321-b07"/>
    <property name="java.ext.dirs" value="C:\Program Files\Java\jdk1.8.0_321\jre\lib\ext;C:\Windows\Sun\Java\lib\ext"/>
    <property name="sun.io.unicode.encoding" value="UnicodeLittle"/>
    <property name="java.class.version" value="52.0"/>
  </properties>
  <testcase name="Login with valid credentials to check QuickLanuch options  - Feature 2, Scenario -1 #1" classname="Home page validation" time="54.589">
    <error message="Unable to locate element: #welcome&#10;For documentation on this error, please visit: https://www.seleniumhq.org/exceptions/no_such_element.html&#10;Build info: version: &apos;3.141.59&apos;, revision: &apos;e82be7d358&apos;, time: &apos;2018-11-14T08:17:03&apos;&#10;System info: host: &apos;DESKTOP-UAU9ODK&apos;, ip: &apos;172.31.208.1&apos;, os.name: &apos;Windows 10&apos;, os.arch: &apos;amd64&apos;, os.version: &apos;10.0&apos;, java.version: &apos;1.8.0_321&apos;&#10;Driver info: org.openqa.selenium.firefox.FirefoxDriver&#10;Capabilities {acceptInsecureCerts: true, browserName: firefox, browserVersion: 97.0.1, javascriptEnabled: true, moz:accessibilityChecks: false, moz:buildID: 20220216172458, moz:geckodriverVersion: 0.30.0, moz:headless: false, moz:processID: 13696, moz:profile: C:\Users\spittala\AppData\L..., moz:shutdownTimeout: 60000, moz:useNonSpecCompliantPointerOrigin: false, moz:webdriverClick: true, pageLoadStrategy: normal, platform: WINDOWS, platformName: WINDOWS, platformVersion: 10.0, proxy: Proxy(), setWindowRect: true, strictFileInteractability: false, timeouts: {implicit: 0, pageLoad: 300000, script: 30000}, unhandledPromptBehavior: dismiss and notify}&#10;Session ID: 1c9fa8d3-3976-489a-977f-616f337f854f&#10;*** Element info: {Using=id, value=welcome}" type="org.openqa.selenium.NoSuchElementException"><![CDATA[org.openqa.selenium.NoSuchElementException: 
Unable to locate element: #welcome
For documentation on this error, please visit: https://www.seleniumhq.org/exceptions/no_such_element.html
Build info: version: '3.141.59', revision: 'e82be7d358', time: '2018-11-14T08:17:03'
System info: host: 'DESKTOP-UAU9ODK', ip: '172.31.208.1', os.name: 'Windows 10', os.arch: 'amd64', os.version: '10.0', java.version: '1.8.0_321'
Driver info: org.openqa.selenium.firefox.FirefoxDriver
Capabilities {acceptInsecureCerts: true, browserName: firefox, browserVersion: 97.0.1, javascriptEnabled: true, moz:accessibilityChecks: false, moz:buildID: 20220216172458, moz:geckodriverVersion: 0.30.0, moz:headless: false, moz:processID: 13696, moz:profile: C:\Users\spittala\AppData\L..., moz:shutdownTimeout: 60000, moz:useNonSpecCompliantPointerOrigin: false, moz:webdriverClick: true, pageLoadStrategy: normal, platform: WINDOWS, platformName: WINDOWS, platformVersion: 10.0, proxy: Proxy(), setWindowRect: true, strictFileInteractability: false, timeouts: {implicit: 0, pageLoad: 300000, script: 30000}, unhandledPromptBehavior: dismiss and notify}
Session ID: 1c9fa8d3-3976-489a-977f-616f337f854f
*** Element info: {Using=id, value=welcome}
]]></error>
    <system-err><![CDATA[1646658958240	geckodriver	INFO	Listening on 127.0.0.1:3828
1646658959298	mozrunner::runner	INFO	Running command: "C:\\Program Files\\Mozilla Firefox\\firefox.exe" "--marionette" "-no-remote" "-profile" "C:\\Users\\spittala\\AppData\\Local\\Temp\\rust_mozprofileJxpL3W"
1646658960826	Marionette	INFO	Marionette enabled
console.warn: SearchSettings: "get: No settings file exists, new profile?" (new NotFoundError("Could not open the file at C:\\Users\\spittala\\AppData\\Local\\Temp\\rust_mozprofileJxpL3W\\search.json.mozlz4", (void 0)))
1646658969339	Marionette	INFO	Listening on port 59661
1646658969432	RemoteAgent	WARN	TLS certificate errors will be ignored for this session
Mar 07, 2022 6:46:09 PM org.openqa.selenium.remote.ProtocolHandshake createSession
INFO: Detected dialect: W3C
console.error: services.settings: 
  main/query-stripping Signature failed  InvalidSignatureError: Invalid content signature (main/query-stripping)
console.error: services.settings: 
  main/query-stripping local data was corrupted
console.warn: services.settings: main/query-stripping Signature verified failed. Retry from scratch
console.error: services.settings: 
  main/query-stripping Signature failed again InvalidSignatureError: Invalid content signature (main/query-stripping)
console.warn: LoginRecipes: "getRecipes: falling back to a synchronous message for:" "https://opensource-demo.orangehrmlive.com"
console.warn: LoginRecipes: "getRecipes: falling back to a synchronous message for:" "https://opensource-demo.orangehrmlive.com"
JavaScript error: resource://gre/modules/LoginManagerParent.jsm, line 136: TypeError: gRecipeManager is null
]]></system-err>
  </testcase>
  <testcase name="Login with valid credentials to check QuickLanuch options  - Feature 2, Scenario -1 #2" classname="Home page validation" time="0.094">
    <error message="The driver executable does not exist: C:\Users\Vibha\Software\geckodriver-v0.26.0-win64\geckodriver.exe" type="java.lang.IllegalStateException"><![CDATA[java.lang.IllegalStateException: The driver executable does not exist: C:\Users\Vibha\Software\geckodriver-v0.26.0-win64\geckodriver.exe
]]></error>
  </testcase>
  <testcase name="Login with valid credentials to check Manu Options - Feature 2, Scenario -2" classname="Home page validation" time="0.049">
    <error message="The driver executable does not exist: C:\Users\Vibha\Software\geckodriver-v0.26.0-win64\geckodriver.exe" type="java.lang.IllegalStateException"><![CDATA[java.lang.IllegalStateException: The driver executable does not exist: C:\Users\Vibha\Software\geckodriver-v0.26.0-win64\geckodriver.exe
]]></error>
  </testcase>
</testsuite>