<?xml version="1.0" encoding="UTF-8"?>
<!-- Generated by org.testng.reporters.JUnitReportReporter -->
<testsuite hostname="PITTALA-DEV-L" failures="0" tests="3" name="dataDriverTest.TC001_DD_GET_Request_DataProvider" time="2.915" errors="0" timestamp="2022-06-07T20:03:56 IST" skipped="0">
  <testcase classname="dataDriverTest.TC001_DD_GET_Request_DataProvider" name="AddUsers" time="1.970"/>
  <system-out/>
  <testcase classname="dataDriverTest.TC001_DD_GET_Request_DataProvider" name="AddUsers" time="0.457"/>
  <system-out/>
  <testcase classname="dataDriverTest.TC001_DD_GET_Request_DataProvider" name="AddUsers" time="0.488"/>
  <system-out/>
</testsuite> <!-- dataDriverTest.TC001_DD_GET_Request_DataProvider -->
