<?xml version="1.0" encoding="UTF-8"?>
<!-- Generated by org.testng.reporters.JUnitReportReporter -->
<testsuite hostname="PITTALA-DEV-L" failures="0" tests="1" name="getRequest.TC003_GET_Request" time="1.637" errors="0" timestamp="2022-06-07T18:56:26 IST" skipped="0">
  <testcase classname="getRequest.TC003_GET_Request" name="googleMapTest" time="1.637"/>
  <system-out/>
</testsuite> <!-- getRequest.TC003_GET_Request -->
