<?xml version="1.0" encoding="UTF-8"?>
<!-- Generated by org.testng.reporters.JUnitReportReporter -->
<testsuite hostname="PITTALA-DEV-L" failures="0" tests="3" name="dataDriverTest.TC008_DD_GET_Request_DataProvider" time="2.842" errors="0" timestamp="2022-06-07T20:53:17 IST" skipped="0">
  <testcase classname="dataDriverTest.TC008_DD_GET_Request_DataProvider" name="AddUsers" time="0.412"/>
  <system-out/>
  <testcase classname="dataDriverTest.TC008_DD_GET_Request_DataProvider" name="AddUsers" time="2.043"/>
  <system-out/>
  <testcase classname="dataDriverTest.TC008_DD_GET_Request_DataProvider" name="AddUsers" time="0.387"/>
  <system-out/>
</testsuite> <!-- dataDriverTest.TC008_DD_GET_Request_DataProvider -->
