<?xml version="1.0" encoding="UTF-8"?>
<!-- Generated by org.testng.reporters.JUnitReportReporter -->
<testsuite hostname="PITTALA-DEV-L" failures="0" tests="1" name="getRequest.TC004_GET_Request" time="1.678" errors="0" timestamp="2022-06-07T19:06:17 IST" skipped="0">
  <testcase classname="getRequest.TC004_GET_Request" name="googleMapTest" time="1.678"/>
  <system-out/>
</testsuite> <!-- getRequest.TC004_GET_Request -->
