<?xml version="1.0" encoding="UTF-8"?>
<!-- Generated by org.testng.reporters.JUnitReportReporter -->
<testsuite hostname="PITTALA-DEV-L" failures="0" tests="1" name="postRequest.TC002_POST_Request" time="1.875" errors="0" timestamp="2022-06-07T19:54:02 IST" skipped="0">
  <testcase classname="postRequest.TC002_POST_Request" name="RegistrationSuccessful" time="1.875"/>
  <system-out/>
</testsuite> <!-- postRequest.TC002_POST_Request -->
